<?xml version="1.0" encoding="UTF-8"?>
<Site BuildName="(empty)"
	BuildStamp="20250321-1654-Experimental"
	Name="meera-ubuntu"
	Generator="ctest-3.16.3"
	CompilerName="/usr/bin/g++"
	CompilerVersion="9.4.0"
	OSName="Linux"
	Hostname="meera-ubuntu"
	OSRelease="5.15.0-130-generic"
	OSVersion="#140~20.04.1-Ubuntu SMP Wed Dec 18 21:35:34 UTC 2024"
	OSPlatform="x86_64"
	Is64Bits="1"
	VendorString="GenuineIntel"
	VendorID="Intel Corporation"
	FamilyID="6"
	ModelID="140"
	ProcessorCacheSize="8192"
	NumberOfLogicalCPU="8"
	NumberOfPhysicalCPU="4"
	TotalVirtualMemory="2047"
	TotalPhysicalMemory="15645"
	LogicalProcessorsPerPhysical="2"
	ProcessorClockFrequency="3766.45"
	>
	<Testing>
		<StartDateTime>Mar 22 00:54 +08</StartDateTime>
		<StartTestTime>1742576075</StartTestTime>
		<TestList/>
		<EndDateTime>Mar 22 00:54 +08</EndDateTime>
		<EndTestTime>1742576075</EndTestTime>
		<ElapsedMinutes>0</ElapsedMinutes>
	</Testing>
</Site>
